# JRE version: Java(TM) SE Runtime Environment (8.0_121-b13) (build 1.8.0_121-b13)
# Java VM: Java HotSpot(TM) 64-Bit Server VM (25.121-b13 mixed mode windows-amd64 compressed oops)
Heap:
 PSYoungGen      total 258048K, used 196680K [0x00000000e0000000, 0x00000000f2780000, 0x0000000100000000)
  eden space 215040K, 91% used [0x00000000e0000000,0x00000000ec0023e0,0x00000000ed200000)
  from space 43008K, 0% used [0x00000000ed200000,0x00000000ed210000,0x00000000efc00000)
  to   space 42496K, 0% used [0x00000000efc00000,0x00000000efc00000,0x00000000f2580000)
 ParOldGen       total 158208K, used 54159K [0x00000000a0000000, 0x00000000a9a80000, 0x00000000e0000000)
  object space 158208K, 34% used [0x00000000a0000000,0x00000000a34e3e98,0x00000000a9a80000)
 Metaspace       used 83188K, capacity 86092K, committed 86144K, reserved 1124352K
  class space    used 10746K, capacity 11359K, committed 11392K, reserved 1048576K
GC Heap History (10 events):
Event: 62.291 GC heap before
{Heap before GC invocations=23 (full 3):
 PSYoungGen      total 201216K, used 201207K [0x00000000e0000000, 0x00000000f1080000, 0x0000000100000000)
  eden space 170496K, 100% used [0x00000000e0000000,0x00000000ea680000,0x00000000ea680000)
  from space 30720K, 99% used [0x00000000ea680000,0x00000000ec47deb0,0x00000000ec480000)
  to   space 44032K, 0% used [0x00000000ee580000,0x00000000ee580000,0x00000000f1080000)
 ParOldGen       total 158208K, used 69940K [0x00000000a0000000, 0x00000000a9a80000, 0x00000000e0000000)
  object space 158208K, 44% used [0x00000000a0000000,0x00000000a444d118,0x00000000a9a80000)
 Metaspace       used 78061K, capacity 80622K, committed 80768K, reserved 1120256K
  class space    used 10251K, capacity 10756K, committed 10880K, reserved 1048576K
Event: 62.346 GC heap after
Heap after GC invocations=23 (full 3):
 PSYoungGen      total 236544K, used 13908K [0x00000000e0000000, 0x00000000f1080000, 0x0000000100000000)
  eden space 192512K, 0% used [0x00000000e0000000,0x00000000e0000000,0x00000000ebc00000)
  from space 44032K, 31% used [0x00000000ee580000,0x00000000ef315308,0x00000000f1080000)
  to   space 42496K, 0% used [0x00000000ebc00000,0x00000000ebc00000,0x00000000ee580000)
 ParOldGen       total 158208K, used 82924K [0x00000000a0000000, 0x00000000a9a80000, 0x00000000e0000000)
  object space 158208K, 52% used [0x00000000a0000000,0x00000000a50fb1d0,0x00000000a9a80000)
 Metaspace       used 78061K, capacity 80622K, committed 80768K, reserved 1120256K
  class space    used 10251K, capacity 10756K, committed 10880K, reserved 1048576K
}
Event: 76.397 GC heap before
{Heap before GC invocations=24 (full 3):
 PSYoungGen      total 236544K, used 206420K [0x00000000e0000000, 0x00000000f1080000, 0x0000000100000000)
  eden space 192512K, 100% used [0x00000000e0000000,0x00000000ebc00000,0x00000000ebc00000)
  from space 44032K, 31% used [0x00000000ee580000,0x00000000ef315308,0x00000000f1080000)
  to   space 42496K, 0% used [0x00000000ebc00000,0x00000000ebc00000,0x00000000ee580000)
 ParOldGen       total 158208K, used 85331K [0x00000000a0000000, 0x00000000a9a80000, 0x00000000e0000000)
  object space 158208K, 53% used [0x00000000a0000000,0x00000000a5354dd0,0x00000000a9a80000)
 Metaspace       used 79541K, capacity 82314K, committed 82560K, reserved 1120256K
  class space    used 10464K, capacity 11010K, committed 11136K, reserved 1048576K
Event: 76.442 GC heap after
Heap after GC invocations=24 (full 3):
 PSYoungGen      total 235008K, used 24156K [0x00000000e0000000, 0x00000000f2580000, 0x0000000100000000)
  eden space 192512K, 0% used [0x00000000e0000000,0x00000000e0000000,0x00000000ebc00000)
  from space 42496K, 56% used [0x00000000ebc00000,0x00000000ed397180,0x00000000ee580000)
  to   space 42496K, 0% used [0x00000000efc00000,0x00000000efc00000,0x00000000f2580000)
 ParOldGen       total 158208K, used 85339K [0x00000000a0000000, 0x00000000a9a80000, 0x00000000e0000000)
  object space 158208K, 53% used [0x00000000a0000000,0x00000000a5356dd0,0x00000000a9a80000)
 Metaspace       used 79541K, capacity 82314K, committed 82560K, reserved 1120256K
  class space    used 10464K, capacity 11010K, committed 11136K, reserved 1048576K
}
Event: 76.848 GC heap before
{Heap before GC invocations=25 (full 4):
 PSYoungGen      total 235008K, used 215882K [0x00000000e0000000, 0x00000000f2580000, 0x0000000100000000)
  eden space 192512K, 99% used [0x00000000e0000000,0x00000000ebb3b6c8,0x00000000ebc00000)
  from space 42496K, 56% used [0x00000000ebc00000,0x00000000ed397180,0x00000000ee580000)
  to   space 42496K, 0% used [0x00000000efc00000,0x00000000efc00000,0x00000000f2580000)
 ParOldGen       total 158208K, used 149852K [0x00000000a0000000, 0x00000000a9a80000, 0x00000000e0000000)
  object space 158208K, 94% used [0x00000000a0000000,0x00000000a92571c0,0x00000000a9a80000)
 Metaspace       used 79800K, capacity 82586K, committed 82816K, reserved 1120256K
  class space    used 10498K, capacity 11052K, committed 11136K, reserved 1048576K
Event: 77.073 GC heap after
Heap after GC invocations=25 (full 4):
 PSYoungGen      total 235008K, used 0K [0x00000000e0000000, 0x00000000f2580000, 0x0000000100000000)
  eden space 192512K, 0% used [0x00000000e0000000,0x00000000e0000000,0x00000000ebc00000)
  from space 42496K, 0% used [0x00000000ebc00000,0x00000000ebc00000,0x00000000ee580000)
  to   space 42496K, 0% used [0x00000000efc00000,0x00000000efc00000,0x00000000f2580000)
 ParOldGen       total 158208K, used 54159K [0x00000000a0000000, 0x00000000a9a80000, 0x00000000e0000000)
  object space 158208K, 34% used [0x00000000a0000000,0x00000000a34e3e98,0x00000000a9a80000)
 Metaspace       used 79721K, capacity 82364K, committed 82816K, reserved 1120256K
  class space    used 10471K, capacity 11005K, committed 11136K, reserved 1048576K
}
Event: 77.097 GC heap before
{Heap before GC invocations=26 (full 4):
 PSYoungGen      total 235008K, used 191493K [0x00000000e0000000, 0x00000000f2580000, 0x0000000100000000)
  eden space 192512K, 99% used [0x00000000e0000000,0x00000000ebb01518,0x00000000ebc00000)
  from space 42496K, 0% used [0x00000000ebc00000,0x00000000ebc00000,0x00000000ee580000)
  to   space 42496K, 0% used [0x00000000efc00000,0x00000000efc00000,0x00000000f2580000)
 ParOldGen       total 158208K, used 54159K [0x00000000a0000000, 0x00000000a9a80000, 0x00000000e0000000)
  object space 158208K, 34% used [0x00000000a0000000,0x00000000a34e3e98,0x00000000a9a80000)
 Metaspace       used 79722K, capacity 82364K, committed 82816K, reserved 1120256K
  class space    used 10471K, capacity 11005K, committed 11136K, reserved 1048576K
Event: 77.100 GC heap after
Heap after GC invocations=26 (full 4):
 PSYoungGen      total 257536K, used 96K [0x00000000e0000000, 0x00000000f2780000, 0x0000000100000000)
  eden space 215040K, 0% used [0x00000000e0000000,0x00000000e0000000,0x00000000ed200000)
  from space 42496K, 0% used [0x00000000efc00000,0x00000000efc18000,0x00000000f2580000)
  to   space 43008K, 0% used [0x00000000ed200000,0x00000000ed200000,0x00000000efc00000)
 ParOldGen       total 158208K, used 54159K [0x00000000a0000000, 0x00000000a9a80000, 0x00000000e0000000)
  object space 158208K, 34% used [0x00000000a0000000,0x00000000a34e3e98,0x00000000a9a80000)
 Metaspace       used 79722K, capacity 82364K, committed 82816K, reserved 1120256K
  class space    used 10471K, capacity 11005K, committed 11136K, reserved 1048576K
}
Event: 77.138 GC heap before
{Heap before GC invocations=27 (full 4):
 PSYoungGen      total 257536K, used 215049K [0x00000000e0000000, 0x00000000f2780000, 0x0000000100000000)
  eden space 215040K, 99% used [0x00000000e0000000,0x00000000ed1ea5e0,0x00000000ed200000)
  from space 42496K, 0% used [0x00000000efc00000,0x00000000efc18000,0x00000000f2580000)
  to   space 43008K, 0% used [0x00000000ed200000,0x00000000ed200000,0x00000000efc00000)
 ParOldGen       total 158208K, used 54159K [0x00000000a0000000, 0x00000000a9a80000, 0x00000000e0000000)
  object space 158208K, 34% used [0x00000000a0000000,0x00000000a34e3e98,0x00000000a9a80000)
 Metaspace       used 79722K, capacity 82364K, committed 82816K, reserved 1120256K
  class space    used 10471K, capacity 11005K, committed 11136K, reserved 1048576K
Event: 77.142 GC heap after
Heap after GC invocations=27 (full 4):
 PSYoungGen      total 258048K, used 64K [0x00000000e0000000, 0x00000000f2780000, 0x0000000100000000)
  eden space 215040K, 0% used [0x00000000e0000000,0x00000000e0000000,0x00000000ed200000)
  from space 43008K, 0% used [0x00000000ed200000,0x00000000ed210000,0x00000000efc00000)
  to   space 42496K, 0% used [0x00000000efc00000,0x00000000efc00000,0x00000000f2580000)
 ParOldGen       total 158208K, used 54159K [0x00000000a0000000, 0x00000000a9a80000, 0x00000000e0000000)
  object space 158208K, 34% used [0x00000000a0000000,0x00000000a34e3e98,0x00000000a9a80000)
 Metaspace       used 79722K, capacity 82364K, committed 82816K, reserved 1120256K
  class space    used 10471K, capacity 11005K, committed 11136K, reserved 1048576K
}

