# JRE version: Java(TM) SE Runtime Environment (8.0_121-b13) (build 1.8.0_121-b13)
# Java VM: Java HotSpot(TM) 64-Bit Server VM (25.121-b13 mixed mode windows-amd64 compressed oops)
Heap:
 PSYoungGen      total 309248K, used 90016K [0x00000000e0000000, 0x00000000f7480000, 0x0000000100000000)
  eden space 268800K, 33% used [0x00000000e0000000,0x00000000e57d8310,0x00000000f0680000)
  from space 40448K, 0% used [0x00000000f0680000,0x00000000f0690000,0x00000000f2e00000)
  to   space 41472K, 0% used [0x00000000f2e00000,0x00000000f2e00000,0x00000000f5680000)
 ParOldGen       total 203264K, used 54777K [0x00000000a0000000, 0x00000000ac680000, 0x00000000e0000000)
  object space 203264K, 26% used [0x00000000a0000000,0x00000000a357e650,0x00000000ac680000)
 Metaspace       used 82905K, capacity 85852K, committed 86144K, reserved 1124352K
  class space    used 10729K, capacity 11343K, committed 11392K, reserved 1048576K
GC Heap History (10 events):
Event: 81.758 GC heap before
{Heap before GC invocations=23 (full 3):
 PSYoungGen      total 227840K, used 225115K [0x00000000e0000000, 0x00000000f3a80000, 0x0000000100000000)
  eden space 199168K, 98% used [0x00000000e0000000,0x00000000ebfdd9e8,0x00000000ec280000)
  from space 28672K, 99% used [0x00000000ec280000,0x00000000ede79538,0x00000000ede80000)
  to   space 44032K, 0% used [0x00000000f0f80000,0x00000000f0f80000,0x00000000f3a80000)
 ParOldGen       total 144896K, used 108187K [0x00000000a0000000, 0x00000000a8d80000, 0x00000000e0000000)
  object space 144896K, 74% used [0x00000000a0000000,0x00000000a69a6da8,0x00000000a8d80000)
 Metaspace       used 79579K, capacity 82360K, committed 82432K, reserved 1120256K
  class space    used 10456K, capacity 11001K, committed 11008K, reserved 1048576K
Event: 81.822 GC heap after
Heap after GC invocations=23 (full 3):
 PSYoungGen      total 268800K, used 4420K [0x00000000e0000000, 0x00000000f3580000, 0x0000000100000000)
  eden space 229888K, 0% used [0x00000000e0000000,0x00000000e0000000,0x00000000ee080000)
  from space 38912K, 11% used [0x00000000f0f80000,0x00000000f13d1000,0x00000000f3580000)
  to   space 43520K, 0% used [0x00000000ee080000,0x00000000ee080000,0x00000000f0b00000)
 ParOldGen       total 144896K, used 136593K [0x00000000a0000000, 0x00000000a8d80000, 0x00000000e0000000)
  object space 144896K, 94% used [0x00000000a0000000,0x00000000a8564640,0x00000000a8d80000)
 Metaspace       used 79579K, capacity 82360K, committed 82432K, reserved 1120256K
  class space    used 10456K, capacity 11001K, committed 11008K, reserved 1048576K
}
Event: 81.822 GC heap before
{Heap before GC invocations=24 (full 4):
 PSYoungGen      total 268800K, used 4420K [0x00000000e0000000, 0x00000000f3580000, 0x0000000100000000)
  eden space 229888K, 0% used [0x00000000e0000000,0x00000000e0000000,0x00000000ee080000)
  from space 38912K, 11% used [0x00000000f0f80000,0x00000000f13d1000,0x00000000f3580000)
  to   space 43520K, 0% used [0x00000000ee080000,0x00000000ee080000,0x00000000f0b00000)
 ParOldGen       total 144896K, used 136593K [0x00000000a0000000, 0x00000000a8d80000, 0x00000000e0000000)
  object space 144896K, 94% used [0x00000000a0000000,0x00000000a8564640,0x00000000a8d80000)
 Metaspace       used 79579K, capacity 82360K, committed 82432K, reserved 1120256K
  class space    used 10456K, capacity 11001K, committed 11008K, reserved 1048576K
Event: 82.035 GC heap after
Heap after GC invocations=24 (full 4):
 PSYoungGen      total 268800K, used 0K [0x00000000e0000000, 0x00000000f3580000, 0x0000000100000000)
  eden space 229888K, 0% used [0x00000000e0000000,0x00000000e0000000,0x00000000ee080000)
  from space 38912K, 0% used [0x00000000f0f80000,0x00000000f0f80000,0x00000000f3580000)
  to   space 43520K, 0% used [0x00000000ee080000,0x00000000ee080000,0x00000000f0b00000)
 ParOldGen       total 203264K, used 49028K [0x00000000a0000000, 0x00000000ac680000, 0x00000000e0000000)
  object space 203264K, 24% used [0x00000000a0000000,0x00000000a2fe10e8,0x00000000ac680000)
 Metaspace       used 79504K, capacity 82158K, committed 82432K, reserved 1120256K
  class space    used 10429K, capacity 10956K, committed 11008K, reserved 1048576K
}
Event: 82.479 GC heap before
{Heap before GC invocations=25 (full 4):
 PSYoungGen      total 268800K, used 229852K [0x00000000e0000000, 0x00000000f3580000, 0x0000000100000000)
  eden space 229888K, 99% used [0x00000000e0000000,0x00000000ee077270,0x00000000ee080000)
  from space 38912K, 0% used [0x00000000f0f80000,0x00000000f0f80000,0x00000000f3580000)
  to   space 43520K, 0% used [0x00000000ee080000,0x00000000ee080000,0x00000000f0b00000)
 ParOldGen       total 203264K, used 49028K [0x00000000a0000000, 0x00000000ac680000, 0x00000000e0000000)
  object space 203264K, 24% used [0x00000000a0000000,0x00000000a2fe10e8,0x00000000ac680000)
 Metaspace       used 79769K, capacity 82482K, committed 82816K, reserved 1120256K
  class space    used 10478K, capacity 11006K, committed 11136K, reserved 1048576K
Event: 82.485 GC heap after
Heap after GC invocations=25 (full 4):
 PSYoungGen      total 273408K, used 11433K [0x00000000e0000000, 0x00000000f5680000, 0x0000000100000000)
  eden space 229888K, 0% used [0x00000000e0000000,0x00000000e0000000,0x00000000ee080000)
  from space 43520K, 26% used [0x00000000ee080000,0x00000000eebaa5f8,0x00000000f0b00000)
  to   space 41472K, 0% used [0x00000000f2e00000,0x00000000f2e00000,0x00000000f5680000)
 ParOldGen       total 203264K, used 49036K [0x00000000a0000000, 0x00000000ac680000, 0x00000000e0000000)
  object space 203264K, 24% used [0x00000000a0000000,0x00000000a2fe30e8,0x00000000ac680000)
 Metaspace       used 79769K, capacity 82482K, committed 82816K, reserved 1120256K
  class space    used 10478K, capacity 11006K, committed 11136K, reserved 1048576K
}
Event: 82.514 GC heap before
{Heap before GC invocations=26 (full 4):
 PSYoungGen      total 273408K, used 240308K [0x00000000e0000000, 0x00000000f5680000, 0x0000000100000000)
  eden space 229888K, 99% used [0x00000000e0000000,0x00000000edf82c00,0x00000000ee080000)
  from space 43520K, 26% used [0x00000000ee080000,0x00000000eebaa5f8,0x00000000f0b00000)
  to   space 41472K, 0% used [0x00000000f2e00000,0x00000000f2e00000,0x00000000f5680000)
 ParOldGen       total 203264K, used 49036K [0x00000000a0000000, 0x00000000ac680000, 0x00000000e0000000)
  object space 203264K, 24% used [0x00000000a0000000,0x00000000a2fe30e8,0x00000000ac680000)
 Metaspace       used 79775K, capacity 82482K, committed 82816K, reserved 1120256K
  class space    used 10478K, capacity 11006K, committed 11136K, reserved 1048576K
Event: 82.522 GC heap after
Heap after GC invocations=26 (full 4):
 PSYoungGen      total 310272K, used 6657K [0x00000000e0000000, 0x00000000f7480000, 0x0000000100000000)
  eden space 268800K, 0% used [0x00000000e0000000,0x00000000e0000000,0x00000000f0680000)
  from space 41472K, 16% used [0x00000000f2e00000,0x00000000f3480580,0x00000000f5680000)
  to   space 40448K, 0% used [0x00000000f0680000,0x00000000f0680000,0x00000000f2e00000)
 ParOldGen       total 203264K, used 49036K [0x00000000a0000000, 0x00000000ac680000, 0x00000000e0000000)
  object space 203264K, 24% used [0x00000000a0000000,0x00000000a2fe30e8,0x00000000ac680000)
 Metaspace       used 79775K, capacity 82482K, committed 82816K, reserved 1120256K
  class space    used 10478K, capacity 11006K, committed 11136K, reserved 1048576K
}
Event: 82.595 GC heap before
{Heap before GC invocations=27 (full 4):
 PSYoungGen      total 310272K, used 275358K [0x00000000e0000000, 0x00000000f7480000, 0x0000000100000000)
  eden space 268800K, 99% used [0x00000000e0000000,0x00000000f0667370,0x00000000f0680000)
  from space 41472K, 16% used [0x00000000f2e00000,0x00000000f3480580,0x00000000f5680000)
  to   space 40448K, 0% used [0x00000000f0680000,0x00000000f0680000,0x00000000f2e00000)
 ParOldGen       total 203264K, used 49036K [0x00000000a0000000, 0x00000000ac680000, 0x00000000e0000000)
  object space 203264K, 24% used [0x00000000a0000000,0x00000000a2fe30e8,0x00000000ac680000)
 Metaspace       used 79781K, capacity 82482K, committed 82816K, reserved 1120256K
  class space    used 10478K, capacity 11006K, committed 11136K, reserved 1048576K
Event: 82.601 GC heap after
Heap after GC invocations=27 (full 4):
 PSYoungGen      total 309248K, used 64K [0x00000000e0000000, 0x00000000f7480000, 0x0000000100000000)
  eden space 268800K, 0% used [0x00000000e0000000,0x00000000e0000000,0x00000000f0680000)
  from space 40448K, 0% used [0x00000000f0680000,0x00000000f0690000,0x00000000f2e00000)
  to   space 41472K, 0% used [0x00000000f2e00000,0x00000000f2e00000,0x00000000f5680000)
 ParOldGen       total 203264K, used 54777K [0x00000000a0000000, 0x00000000ac680000, 0x00000000e0000000)
  object space 203264K, 26% used [0x00000000a0000000,0x00000000a357e650,0x00000000ac680000)
 Metaspace       used 79781K, capacity 82482K, committed 82816K, reserved 1120256K
  class space    used 10478K, capacity 11006K, committed 11136K, reserved 1048576K
}

