# JRE version: Java(TM) SE Runtime Environment (8.0_121-b13) (build 1.8.0_121-b13)
# Java VM: Java HotSpot(TM) 64-Bit Server VM (25.121-b13 mixed mode windows-amd64 compressed oops)
Heap:
 PSYoungGen      total 225792K, used 44517K [0x00000000e0000000, 0x00000000efd80000, 0x0000000100000000)
  eden space 195072K, 13% used [0x00000000e0000000,0x00000000e18d0d90,0x00000000ebe80000)
  from space 30720K, 62% used [0x00000000ebe80000,0x00000000ed128750,0x00000000edc80000)
  to   space 26112K, 0% used [0x00000000edc80000,0x00000000edc80000,0x00000000ef600000)
 ParOldGen       total 160256K, used 66344K [0x00000000a0000000, 0x00000000a9c80000, 0x00000000e0000000)
  object space 160256K, 41% used [0x00000000a0000000,0x00000000a40ca3a0,0x00000000a9c80000)
 Metaspace       used 78630K, capacity 80964K, committed 81152K, reserved 1120256K
  class space    used 10209K, capacity 10719K, committed 10752K, reserved 1048576K
GC Heap History (10 events):
Event: 21.785 GC heap before
{Heap before GC invocations=12 (full 2):
 PSYoungGen      total 163328K, used 131544K [0x00000000e0000000, 0x00000000ed600000, 0x0000000100000000)
  eden space 147968K, 78% used [0x00000000e0000000,0x00000000e7176718,0x00000000e9080000)
  from space 15360K, 99% used [0x00000000e9080000,0x00000000e9f7f9a0,0x00000000e9f80000)
  to   space 20480K, 0% used [0x00000000ec200000,0x00000000ec200000,0x00000000ed600000)
 ParOldGen       total 99328K, used 29823K [0x00000000a0000000, 0x00000000a6100000, 0x00000000e0000000)
  object space 99328K, 30% used [0x00000000a0000000,0x00000000a1d1fca8,0x00000000a6100000)
 Metaspace       used 57567K, capacity 59070K, committed 59160K, reserved 1099776K
  class space    used 7900K, capacity 8304K, committed 8320K, reserved 1048576K
Event: 21.828 GC heap after
Heap after GC invocations=12 (full 2):
 PSYoungGen      total 192000K, used 20455K [0x00000000e0000000, 0x00000000ee180000, 0x0000000100000000)
  eden space 171520K, 0% used [0x00000000e0000000,0x00000000e0000000,0x00000000ea780000)
  from space 20480K, 99% used [0x00000000ec200000,0x00000000ed5f9f08,0x00000000ed600000)
  to   space 27136K, 0% used [0x00000000ea780000,0x00000000ea780000,0x00000000ec200000)
 ParOldGen       total 99328K, used 40597K [0x00000000a0000000, 0x00000000a6100000, 0x00000000e0000000)
  object space 99328K, 40% used [0x00000000a0000000,0x00000000a27a56f0,0x00000000a6100000)
 Metaspace       used 57567K, capacity 59070K, committed 59160K, reserved 1099776K
  class space    used 7900K, capacity 8304K, committed 8320K, reserved 1048576K
}
Event: 21.828 GC heap before
{Heap before GC invocations=13 (full 3):
 PSYoungGen      total 192000K, used 20455K [0x00000000e0000000, 0x00000000ee180000, 0x0000000100000000)
  eden space 171520K, 0% used [0x00000000e0000000,0x00000000e0000000,0x00000000ea780000)
  from space 20480K, 99% used [0x00000000ec200000,0x00000000ed5f9f08,0x00000000ed600000)
  to   space 27136K, 0% used [0x00000000ea780000,0x00000000ea780000,0x00000000ec200000)
 ParOldGen       total 99328K, used 40597K [0x00000000a0000000, 0x00000000a6100000, 0x00000000e0000000)
  object space 99328K, 40% used [0x00000000a0000000,0x00000000a27a56f0,0x00000000a6100000)
 Metaspace       used 57567K, capacity 59070K, committed 59160K, reserved 1099776K
  class space    used 7900K, capacity 8304K, committed 8320K, reserved 1048576K
Event: 22.186 GC heap after
Heap after GC invocations=13 (full 3):
 PSYoungGen      total 192000K, used 0K [0x00000000e0000000, 0x00000000ee180000, 0x0000000100000000)
  eden space 171520K, 0% used [0x00000000e0000000,0x00000000e0000000,0x00000000ea780000)
  from space 20480K, 0% used [0x00000000ec200000,0x00000000ec200000,0x00000000ed600000)
  to   space 27136K, 0% used [0x00000000ea780000,0x00000000ea780000,0x00000000ec200000)
 ParOldGen       total 160256K, used 44591K [0x00000000a0000000, 0x00000000a9c80000, 0x00000000e0000000)
  object space 160256K, 27% used [0x00000000a0000000,0x00000000a2b8bcf0,0x00000000a9c80000)
 Metaspace       used 57567K, capacity 59070K, committed 59160K, reserved 1099776K
  class space    used 7900K, capacity 8304K, committed 8320K, reserved 1048576K
}
Event: 51.576 GC heap before
{Heap before GC invocations=14 (full 3):
 PSYoungGen      total 192000K, used 171520K [0x00000000e0000000, 0x00000000ee180000, 0x0000000100000000)
  eden space 171520K, 100% used [0x00000000e0000000,0x00000000ea780000,0x00000000ea780000)
  from space 20480K, 0% used [0x00000000ec200000,0x00000000ec200000,0x00000000ed600000)
  to   space 27136K, 0% used [0x00000000ea780000,0x00000000ea780000,0x00000000ec200000)
 ParOldGen       total 160256K, used 44591K [0x00000000a0000000, 0x00000000a9c80000, 0x00000000e0000000)
  object space 160256K, 27% used [0x00000000a0000000,0x00000000a2b8bcf0,0x00000000a9c80000)
 Metaspace       used 63850K, capacity 65570K, committed 65792K, reserved 1105920K
  class space    used 8498K, capacity 8914K, committed 8960K, reserved 1048576K
Event: 51.590 GC heap after
Heap after GC invocations=14 (full 3):
 PSYoungGen      total 198656K, used 10182K [0x00000000e0000000, 0x00000000ef600000, 0x0000000100000000)
  eden space 171520K, 0% used [0x00000000e0000000,0x00000000e0000000,0x00000000ea780000)
  from space 27136K, 37% used [0x00000000ea780000,0x00000000eb1719a8,0x00000000ec200000)
  to   space 26112K, 0% used [0x00000000edc80000,0x00000000edc80000,0x00000000ef600000)
 ParOldGen       total 160256K, used 44599K [0x00000000a0000000, 0x00000000a9c80000, 0x00000000e0000000)
  object space 160256K, 27% used [0x00000000a0000000,0x00000000a2b8dcf0,0x00000000a9c80000)
 Metaspace       used 63850K, capacity 65570K, committed 65792K, reserved 1105920K
  class space    used 8498K, capacity 8914K, committed 8960K, reserved 1048576K
}
Event: 58.255 GC heap before
{Heap before GC invocations=15 (full 3):
 PSYoungGen      total 198656K, used 181702K [0x00000000e0000000, 0x00000000ef600000, 0x0000000100000000)
  eden space 171520K, 100% used [0x00000000e0000000,0x00000000ea780000,0x00000000ea780000)
  from space 27136K, 37% used [0x00000000ea780000,0x00000000eb1719a8,0x00000000ec200000)
  to   space 26112K, 0% used [0x00000000edc80000,0x00000000edc80000,0x00000000ef600000)
 ParOldGen       total 160256K, used 44599K [0x00000000a0000000, 0x00000000a9c80000, 0x00000000e0000000)
  object space 160256K, 27% used [0x00000000a0000000,0x00000000a2b8dcf0,0x00000000a9c80000)
 Metaspace       used 68803K, capacity 70632K, committed 70784K, reserved 1110016K
  class space    used 9066K, capacity 9515K, committed 9600K, reserved 1048576K
Event: 58.307 GC heap after
Heap after GC invocations=15 (full 3):
 PSYoungGen      total 221184K, used 26098K [0x00000000e0000000, 0x00000000efd80000, 0x0000000100000000)
  eden space 195072K, 0% used [0x00000000e0000000,0x00000000e0000000,0x00000000ebe80000)
  from space 26112K, 99% used [0x00000000edc80000,0x00000000ef5fcba8,0x00000000ef600000)
  to   space 30720K, 0% used [0x00000000ebe80000,0x00000000ebe80000,0x00000000edc80000)
 ParOldGen       total 160256K, used 46965K [0x00000000a0000000, 0x00000000a9c80000, 0x00000000e0000000)
  object space 160256K, 29% used [0x00000000a0000000,0x00000000a2ddd530,0x00000000a9c80000)
 Metaspace       used 68803K, capacity 70632K, committed 70784K, reserved 1110016K
  class space    used 9066K, capacity 9515K, committed 9600K, reserved 1048576K
}
Event: 68.098 GC heap before
{Heap before GC invocations=16 (full 3):
 PSYoungGen      total 221184K, used 221170K [0x00000000e0000000, 0x00000000efd80000, 0x0000000100000000)
  eden space 195072K, 100% used [0x00000000e0000000,0x00000000ebe80000,0x00000000ebe80000)
  from space 26112K, 99% used [0x00000000edc80000,0x00000000ef5fcba8,0x00000000ef600000)
  to   space 30720K, 0% used [0x00000000ebe80000,0x00000000ebe80000,0x00000000edc80000)
 ParOldGen       total 160256K, used 46965K [0x00000000a0000000, 0x00000000a9c80000, 0x00000000e0000000)
  object space 160256K, 29% used [0x00000000a0000000,0x00000000a2ddd530,0x00000000a9c80000)
 Metaspace       used 78457K, capacity 80798K, committed 80896K, reserved 1120256K
  class space    used 10183K, capacity 10686K, committed 10752K, reserved 1048576K
Event: 68.229 GC heap after
Heap after GC invocations=16 (full 3):
 PSYoungGen      total 225792K, used 19105K [0x00000000e0000000, 0x00000000efd80000, 0x0000000100000000)
  eden space 195072K, 0% used [0x00000000e0000000,0x00000000e0000000,0x00000000ebe80000)
  from space 30720K, 62% used [0x00000000ebe80000,0x00000000ed128750,0x00000000edc80000)
  to   space 26112K, 0% used [0x00000000edc80000,0x00000000edc80000,0x00000000ef600000)
 ParOldGen       total 160256K, used 66344K [0x00000000a0000000, 0x00000000a9c80000, 0x00000000e0000000)
  object space 160256K, 41% used [0x00000000a0000000,0x00000000a40ca3a0,0x00000000a9c80000)
 Metaspace       used 78457K, capacity 80798K, committed 80896K, reserved 1120256K
  class space    used 10183K, capacity 10686K, committed 10752K, reserved 1048576K
}

