# JRE version: Java(TM) SE Runtime Environment (8.0_121-b13) (build 1.8.0_121-b13)
# Java VM: Java HotSpot(TM) 64-Bit Server VM (25.121-b13 mixed mode windows-amd64 compressed oops)
Heap:
 PSYoungGen      total 70656K, used 35281K [0x00000000e0000000, 0x00000000e6a00000, 0x0000000100000000)
  eden space 60928K, 44% used [0x00000000e0000000,0x00000000e1a9bb68,0x00000000e3b80000)
  from space 9728K, 82% used [0x00000000e3b80000,0x00000000e4358b38,0x00000000e4500000)
  to   space 10240K, 0% used [0x00000000e6000000,0x00000000e6000000,0x00000000e6a00000)
 ParOldGen       total 61440K, used 10360K [0x00000000a0000000, 0x00000000a3c00000, 0x00000000e0000000)
  object space 61440K, 16% used [0x00000000a0000000,0x00000000a0a1e1a8,0x00000000a3c00000)
 Metaspace       used 33631K, capacity 34232K, committed 34432K, reserved 1079296K
  class space    used 4805K, capacity 4988K, committed 4992K, reserved 1048576K
GC Heap History (10 events):
Event: 3.577 GC heap before
{Heap before GC invocations=4 (full 0):
 PSYoungGen      total 37888K, used 37885K [0x00000000e0000000, 0x00000000e4a00000, 0x0000000100000000)
  eden space 32768K, 100% used [0x00000000e0000000,0x00000000e2000000,0x00000000e2000000)
  from space 5120K, 99% used [0x00000000e2000000,0x00000000e24ff488,0x00000000e2500000)
  to   space 5120K, 0% used [0x00000000e4500000,0x00000000e4500000,0x00000000e4a00000)
 ParOldGen       total 86016K, used 2484K [0x00000000a0000000, 0x00000000a5400000, 0x00000000e0000000)
  object space 86016K, 2% used [0x00000000a0000000,0x00000000a026d398,0x00000000a5400000)
 Metaspace       used 17325K, capacity 17720K, committed 17792K, reserved 1064960K
  class space    used 2562K, capacity 2676K, committed 2688K, reserved 1048576K
Event: 3.595 GC heap after
Heap after GC invocations=4 (full 0):
 PSYoungGen      total 70656K, used 5097K [0x00000000e0000000, 0x00000000e4a00000, 0x0000000100000000)
  eden space 65536K, 0% used [0x00000000e0000000,0x00000000e0000000,0x00000000e4000000)
  from space 5120K, 99% used [0x00000000e4500000,0x00000000e49fa650,0x00000000e4a00000)
  to   space 5120K, 0% used [0x00000000e4000000,0x00000000e4000000,0x00000000e4500000)
 ParOldGen       total 86016K, used 5853K [0x00000000a0000000, 0x00000000a5400000, 0x00000000e0000000)
  object space 86016K, 6% used [0x00000000a0000000,0x00000000a05b7540,0x00000000a5400000)
 Metaspace       used 17325K, capacity 17720K, committed 17792K, reserved 1064960K
  class space    used 2562K, capacity 2676K, committed 2688K, reserved 1048576K
}
Event: 3.994 GC heap before
{Heap before GC invocations=5 (full 0):
 PSYoungGen      total 70656K, used 24816K [0x00000000e0000000, 0x00000000e4a00000, 0x0000000100000000)
  eden space 65536K, 30% used [0x00000000e0000000,0x00000000e1341a60,0x00000000e4000000)
  from space 5120K, 99% used [0x00000000e4500000,0x00000000e49fa650,0x00000000e4a00000)
  to   space 5120K, 0% used [0x00000000e4000000,0x00000000e4000000,0x00000000e4500000)
 ParOldGen       total 86016K, used 5853K [0x00000000a0000000, 0x00000000a5400000, 0x00000000e0000000)
  object space 86016K, 6% used [0x00000000a0000000,0x00000000a05b7540,0x00000000a5400000)
 Metaspace       used 20737K, capacity 21184K, committed 21296K, reserved 1067008K
  class space    used 2966K, capacity 3140K, committed 3200K, reserved 1048576K
Event: 4.006 GC heap after
Heap after GC invocations=5 (full 0):
 PSYoungGen      total 70656K, used 5101K [0x00000000e0000000, 0x00000000e4a00000, 0x0000000100000000)
  eden space 65536K, 0% used [0x00000000e0000000,0x00000000e0000000,0x00000000e4000000)
  from space 5120K, 99% used [0x00000000e4000000,0x00000000e44fb660,0x00000000e4500000)
  to   space 5120K, 0% used [0x00000000e4500000,0x00000000e4500000,0x00000000e4a00000)
 ParOldGen       total 86016K, used 8687K [0x00000000a0000000, 0x00000000a5400000, 0x00000000e0000000)
  object space 86016K, 10% used [0x00000000a0000000,0x00000000a087be00,0x00000000a5400000)
 Metaspace       used 20737K, capacity 21184K, committed 21296K, reserved 1067008K
  class space    used 2966K, capacity 3140K, committed 3200K, reserved 1048576K
}
Event: 4.006 GC heap before
{Heap before GC invocations=6 (full 1):
 PSYoungGen      total 70656K, used 5101K [0x00000000e0000000, 0x00000000e4a00000, 0x0000000100000000)
  eden space 65536K, 0% used [0x00000000e0000000,0x00000000e0000000,0x00000000e4000000)
  from space 5120K, 99% used [0x00000000e4000000,0x00000000e44fb660,0x00000000e4500000)
  to   space 5120K, 0% used [0x00000000e4500000,0x00000000e4500000,0x00000000e4a00000)
 ParOldGen       total 86016K, used 8687K [0x00000000a0000000, 0x00000000a5400000, 0x00000000e0000000)
  object space 86016K, 10% used [0x00000000a0000000,0x00000000a087be00,0x00000000a5400000)
 Metaspace       used 20737K, capacity 21184K, committed 21296K, reserved 1067008K
  class space    used 2966K, capacity 3140K, committed 3200K, reserved 1048576K
Event: 4.075 GC heap after
Heap after GC invocations=6 (full 1):
 PSYoungGen      total 70656K, used 0K [0x00000000e0000000, 0x00000000e4a00000, 0x0000000100000000)
  eden space 65536K, 0% used [0x00000000e0000000,0x00000000e0000000,0x00000000e4000000)
  from space 5120K, 0% used [0x00000000e4000000,0x00000000e4000000,0x00000000e4500000)
  to   space 5120K, 0% used [0x00000000e4500000,0x00000000e4500000,0x00000000e4a00000)
 ParOldGen       total 61440K, used 8336K [0x00000000a0000000, 0x00000000a3c00000, 0x00000000e0000000)
  object space 61440K, 13% used [0x00000000a0000000,0x00000000a08243b0,0x00000000a3c00000)
 Metaspace       used 20737K, capacity 21184K, committed 21296K, reserved 1067008K
  class space    used 2966K, capacity 3140K, committed 3200K, reserved 1048576K
}
Event: 5.395 GC heap before
{Heap before GC invocations=7 (full 1):
 PSYoungGen      total 70656K, used 65536K [0x00000000e0000000, 0x00000000e4a00000, 0x0000000100000000)
  eden space 65536K, 100% used [0x00000000e0000000,0x00000000e4000000,0x00000000e4000000)
  from space 5120K, 0% used [0x00000000e4000000,0x00000000e4000000,0x00000000e4500000)
  to   space 5120K, 0% used [0x00000000e4500000,0x00000000e4500000,0x00000000e4a00000)
 ParOldGen       total 61440K, used 8336K [0x00000000a0000000, 0x00000000a3c00000, 0x00000000e0000000)
  object space 61440K, 13% used [0x00000000a0000000,0x00000000a08243b0,0x00000000a3c00000)
 Metaspace       used 26763K, capacity 27226K, committed 27520K, reserved 1073152K
  class space    used 3744K, capacity 3929K, committed 3968K, reserved 1048576K
Event: 5.403 GC heap after
Heap after GC invocations=7 (full 1):
 PSYoungGen      total 66048K, used 5092K [0x00000000e0000000, 0x00000000e7180000, 0x0000000100000000)
  eden space 60928K, 0% used [0x00000000e0000000,0x00000000e0000000,0x00000000e3b80000)
  from space 5120K, 99% used [0x00000000e4500000,0x00000000e49f9220,0x00000000e4a00000)
  to   space 9728K, 0% used [0x00000000e3b80000,0x00000000e3b80000,0x00000000e4500000)
 ParOldGen       total 61440K, used 10352K [0x00000000a0000000, 0x00000000a3c00000, 0x00000000e0000000)
  object space 61440K, 16% used [0x00000000a0000000,0x00000000a0a1c1a8,0x00000000a3c00000)
 Metaspace       used 26763K, capacity 27226K, committed 27520K, reserved 1073152K
  class space    used 3744K, capacity 3929K, committed 3968K, reserved 1048576K
}
Event: 6.402 GC heap before
{Heap before GC invocations=8 (full 1):
 PSYoungGen      total 66048K, used 66020K [0x00000000e0000000, 0x00000000e7180000, 0x0000000100000000)
  eden space 60928K, 100% used [0x00000000e0000000,0x00000000e3b80000,0x00000000e3b80000)
  from space 5120K, 99% used [0x00000000e4500000,0x00000000e49f9220,0x00000000e4a00000)
  to   space 9728K, 0% used [0x00000000e3b80000,0x00000000e3b80000,0x00000000e4500000)
 ParOldGen       total 61440K, used 10352K [0x00000000a0000000, 0x00000000a3c00000, 0x00000000e0000000)
  object space 61440K, 16% used [0x00000000a0000000,0x00000000a0a1c1a8,0x00000000a3c00000)
 Metaspace       used 30007K, capacity 30572K, committed 30848K, reserved 1075200K
  class space    used 4278K, capacity 4447K, committed 4480K, reserved 1048576K
Event: 6.410 GC heap after
Heap after GC invocations=8 (full 1):
 PSYoungGen      total 70656K, used 8034K [0x00000000e0000000, 0x00000000e6a00000, 0x0000000100000000)
  eden space 60928K, 0% used [0x00000000e0000000,0x00000000e0000000,0x00000000e3b80000)
  from space 9728K, 82% used [0x00000000e3b80000,0x00000000e4358b38,0x00000000e4500000)
  to   space 10240K, 0% used [0x00000000e6000000,0x00000000e6000000,0x00000000e6a00000)
 ParOldGen       total 61440K, used 10360K [0x00000000a0000000, 0x00000000a3c00000, 0x00000000e0000000)
  object space 61440K, 16% used [0x00000000a0000000,0x00000000a0a1e1a8,0x00000000a3c00000)
 Metaspace       used 30007K, capacity 30572K, committed 30848K, reserved 1075200K
  class space    used 4278K, capacity 4447K, committed 4480K, reserved 1048576K
}

