# JRE version: Java(TM) SE Runtime Environment (8.0_121-b13) (build 1.8.0_121-b13)
# Java VM: Java HotSpot(TM) 64-Bit Server VM (25.121-b13 mixed mode windows-amd64 compressed oops)
Heap:
 PSYoungGen      total 478720K, used 399976K [0x00000000e0000000, 0x00000000ffe80000, 0x0000000100000000)
  eden space 437760K, 87% used [0x00000000e0000000,0x00000000f7710530,0x00000000fab80000)
  from space 40960K, 38% used [0x00000000fab80000,0x00000000fbb09e10,0x00000000fd380000)
  to   space 39424K, 0% used [0x00000000fd800000,0x00000000fd800000,0x00000000ffe80000)
 ParOldGen       total 174592K, used 98630K [0x00000000a0000000, 0x00000000aaa80000, 0x00000000e0000000)
  object space 174592K, 56% used [0x00000000a0000000,0x00000000a6051928,0x00000000aaa80000)
 Metaspace       used 85841K, capacity 91099K, committed 91264K, reserved 1128448K
  class space    used 10933K, capacity 11787K, committed 11904K, reserved 1048576K
GC Heap History (10 events):
Event: 2385.530 GC heap before
{Heap before GC invocations=27 (full 4):
 PSYoungGen      total 470528K, used 442677K [0x00000000e0000000, 0x00000000ff900000, 0x0000000100000000)
  eden space 424960K, 99% used [0x00000000e0000000,0x00000000f9efc0b8,0x00000000f9f00000)
  from space 45568K, 38% used [0x00000000fcc80000,0x00000000fddd1358,0x00000000ff900000)
  to   space 46080K, 0% used [0x00000000f9f00000,0x00000000f9f00000,0x00000000fcc00000)
 ParOldGen       total 174592K, used 98598K [0x00000000a0000000, 0x00000000aaa80000, 0x00000000e0000000)
  object space 174592K, 56% used [0x00000000a0000000,0x00000000a6049928,0x00000000aaa80000)
 Metaspace       used 83816K, capacity 87603K, committed 87680K, reserved 1126400K
  class space    used 10683K, capacity 11365K, committed 11392K, reserved 1048576K
Event: 2385.541 GC heap after
Heap after GC invocations=27 (full 4):
 PSYoungGen      total 471040K, used 10448K [0x00000000e0000000, 0x00000000fff80000, 0x0000000100000000)
  eden space 424960K, 0% used [0x00000000e0000000,0x00000000e0000000,0x00000000f9f00000)
  from space 46080K, 22% used [0x00000000f9f00000,0x00000000fa934020,0x00000000fcc00000)
  to   space 45568K, 0% used [0x00000000fd300000,0x00000000fd300000,0x00000000fff80000)
 ParOldGen       total 174592K, used 98606K [0x00000000a0000000, 0x00000000aaa80000, 0x00000000e0000000)
  object space 174592K, 56% used [0x00000000a0000000,0x00000000a604b928,0x00000000aaa80000)
 Metaspace       used 83816K, capacity 87603K, committed 87680K, reserved 1126400K
  class space    used 10683K, capacity 11365K, committed 11392K, reserved 1048576K
}
Event: 2553.535 GC heap before
{Heap before GC invocations=28 (full 4):
 PSYoungGen      total 471040K, used 435408K [0x00000000e0000000, 0x00000000fff80000, 0x0000000100000000)
  eden space 424960K, 100% used [0x00000000e0000000,0x00000000f9f00000,0x00000000f9f00000)
  from space 46080K, 22% used [0x00000000f9f00000,0x00000000fa934020,0x00000000fcc00000)
  to   space 45568K, 0% used [0x00000000fd300000,0x00000000fd300000,0x00000000fff80000)
 ParOldGen       total 174592K, used 98606K [0x00000000a0000000, 0x00000000aaa80000, 0x00000000e0000000)
  object space 174592K, 56% used [0x00000000a0000000,0x00000000a604b928,0x00000000aaa80000)
 Metaspace       used 83986K, capacity 87863K, committed 87936K, reserved 1126400K
  class space    used 10683K, capacity 11365K, committed 11392K, reserved 1048576K
Event: 2553.555 GC heap after
Heap after GC invocations=28 (full 4):
 PSYoungGen      total 475136K, used 12055K [0x00000000e0000000, 0x00000000ffc80000, 0x0000000100000000)
  eden space 432640K, 0% used [0x00000000e0000000,0x00000000e0000000,0x00000000fa680000)
  from space 42496K, 28% used [0x00000000fd300000,0x00000000fdec5c78,0x00000000ffc80000)
  to   space 44032K, 0% used [0x00000000fa680000,0x00000000fa680000,0x00000000fd180000)
 ParOldGen       total 174592K, used 98614K [0x00000000a0000000, 0x00000000aaa80000, 0x00000000e0000000)
  object space 174592K, 56% used [0x00000000a0000000,0x00000000a604d928,0x00000000aaa80000)
 Metaspace       used 83986K, capacity 87863K, committed 87936K, reserved 1126400K
  class space    used 10683K, capacity 11365K, committed 11392K, reserved 1048576K
}
Event: 2625.353 GC heap before
{Heap before GC invocations=29 (full 4):
 PSYoungGen      total 475136K, used 441131K [0x00000000e0000000, 0x00000000ffc80000, 0x0000000100000000)
  eden space 432640K, 99% used [0x00000000e0000000,0x00000000fa3051d0,0x00000000fa680000)
  from space 42496K, 28% used [0x00000000fd300000,0x00000000fdec5c78,0x00000000ffc80000)
  to   space 44032K, 0% used [0x00000000fa680000,0x00000000fa680000,0x00000000fd180000)
 ParOldGen       total 174592K, used 98614K [0x00000000a0000000, 0x00000000aaa80000, 0x00000000e0000000)
  object space 174592K, 56% used [0x00000000a0000000,0x00000000a604d928,0x00000000aaa80000)
 Metaspace       used 84284K, capacity 88123K, committed 88192K, reserved 1126400K
  class space    used 10710K, capacity 11387K, committed 11392K, reserved 1048576K
Event: 2625.401 GC heap after
Heap after GC invocations=29 (full 4):
 PSYoungGen      total 476672K, used 14143K [0x00000000e0000000, 0x00000000ffe80000, 0x0000000100000000)
  eden space 432640K, 0% used [0x00000000e0000000,0x00000000e0000000,0x00000000fa680000)
  from space 44032K, 32% used [0x00000000fa680000,0x00000000fb44fcc8,0x00000000fd180000)
  to   space 42496K, 0% used [0x00000000fd500000,0x00000000fd500000,0x00000000ffe80000)
 ParOldGen       total 174592K, used 98614K [0x00000000a0000000, 0x00000000aaa80000, 0x00000000e0000000)
  object space 174592K, 56% used [0x00000000a0000000,0x00000000a604d928,0x00000000aaa80000)
 Metaspace       used 84284K, capacity 88123K, committed 88192K, reserved 1126400K
  class space    used 10710K, capacity 11387K, committed 11392K, reserved 1048576K
}
Event: 2716.552 GC heap before
{Heap before GC invocations=30 (full 4):
 PSYoungGen      total 476672K, used 446783K [0x00000000e0000000, 0x00000000ffe80000, 0x0000000100000000)
  eden space 432640K, 100% used [0x00000000e0000000,0x00000000fa680000,0x00000000fa680000)
  from space 44032K, 32% used [0x00000000fa680000,0x00000000fb44fcc8,0x00000000fd180000)
  to   space 42496K, 0% used [0x00000000fd500000,0x00000000fd500000,0x00000000ffe80000)
 ParOldGen       total 174592K, used 98614K [0x00000000a0000000, 0x00000000aaa80000, 0x00000000e0000000)
  object space 174592K, 56% used [0x00000000a0000000,0x00000000a604d928,0x00000000aaa80000)
 Metaspace       used 84491K, capacity 88321K, committed 88448K, reserved 1126400K
  class space    used 10711K, capacity 11388K, committed 11392K, reserved 1048576K
Event: 2716.570 GC heap after
Heap after GC invocations=30 (full 4):
 PSYoungGen      total 477184K, used 13127K [0x00000000e0000000, 0x00000000ffb80000, 0x0000000100000000)
  eden space 437760K, 0% used [0x00000000e0000000,0x00000000e0000000,0x00000000fab80000)
  from space 39424K, 33% used [0x00000000fd500000,0x00000000fe1d1cf8,0x00000000ffb80000)
  to   space 40960K, 0% used [0x00000000fab80000,0x00000000fab80000,0x00000000fd380000)
 ParOldGen       total 174592K, used 98622K [0x00000000a0000000, 0x00000000aaa80000, 0x00000000e0000000)
  object space 174592K, 56% used [0x00000000a0000000,0x00000000a604f928,0x00000000aaa80000)
 Metaspace       used 84491K, capacity 88321K, committed 88448K, reserved 1126400K
  class space    used 10711K, capacity 11388K, committed 11392K, reserved 1048576K
}
Event: 3751.263 GC heap before
{Heap before GC invocations=31 (full 4):
 PSYoungGen      total 477184K, used 450299K [0x00000000e0000000, 0x00000000ffb80000, 0x0000000100000000)
  eden space 437760K, 99% used [0x00000000e0000000,0x00000000faaecf30,0x00000000fab80000)
  from space 39424K, 33% used [0x00000000fd500000,0x00000000fe1d1cf8,0x00000000ffb80000)
  to   space 40960K, 0% used [0x00000000fab80000,0x00000000fab80000,0x00000000fd380000)
 ParOldGen       total 174592K, used 98622K [0x00000000a0000000, 0x00000000aaa80000, 0x00000000e0000000)
  object space 174592K, 56% used [0x00000000a0000000,0x00000000a604f928,0x00000000aaa80000)
 Metaspace       used 84632K, capacity 88461K, committed 88704K, reserved 1126400K
  class space    used 10713K, capacity 11390K, committed 11392K, reserved 1048576K
Event: 3751.279 GC heap after
Heap after GC invocations=31 (full 4):
 PSYoungGen      total 478720K, used 15911K [0x00000000e0000000, 0x00000000ffe80000, 0x0000000100000000)
  eden space 437760K, 0% used [0x00000000e0000000,0x00000000e0000000,0x00000000fab80000)
  from space 40960K, 38% used [0x00000000fab80000,0x00000000fbb09e10,0x00000000fd380000)
  to   space 39424K, 0% used [0x00000000fd800000,0x00000000fd800000,0x00000000ffe80000)
 ParOldGen       total 174592K, used 98630K [0x00000000a0000000, 0x00000000aaa80000, 0x00000000e0000000)
  object space 174592K, 56% used [0x00000000a0000000,0x00000000a6051928,0x00000000aaa80000)
 Metaspace       used 84632K, capacity 88461K, committed 88704K, reserved 1126400K
  class space    used 10713K, capacity 11390K, committed 11392K, reserved 1048576K
}

