# JRE version: Java(TM) SE Runtime Environment (8.0_121-b13) (build 1.8.0_121-b13)
# Java VM: Java HotSpot(TM) 64-Bit Server VM (25.121-b13 mixed mode windows-amd64 compressed oops)
Heap:
 PSYoungGen      total 97792K, used 18910K [0x00000000e0000000, 0x00000000e7000000, 0x0000000100000000)
  eden space 90112K, 13% used [0x00000000e0000000,0x00000000e0b76ff8,0x00000000e5800000)
  from space 7680K, 93% used [0x00000000e6880000,0x00000000e6f80b58,0x00000000e7000000)
  to   space 10752K, 0% used [0x00000000e5b00000,0x00000000e5b00000,0x00000000e6580000)
 ParOldGen       total 97792K, used 15600K [0x00000000a0000000, 0x00000000a5f80000, 0x00000000e0000000)
  object space 97792K, 15% used [0x00000000a0000000,0x00000000a0f3c368,0x00000000a5f80000)
 Metaspace       used 39863K, capacity 40554K, committed 40832K, reserved 1085440K
  class space    used 5528K, capacity 5735K, committed 5760K, reserved 1048576K
GC Heap History (10 events):
Event: 6.397 GC heap before
{Heap before GC invocations=8 (full 1):
 PSYoungGen      total 53760K, used 53346K [0x00000000e0000000, 0x00000000e4e00000, 0x0000000100000000)
  eden space 49664K, 100% used [0x00000000e0000000,0x00000000e3080000,0x00000000e3080000)
  from space 4096K, 89% used [0x00000000e4a00000,0x00000000e4d988e0,0x00000000e4e00000)
  to   space 10240K, 0% used [0x00000000e3a00000,0x00000000e3a00000,0x00000000e4400000)
 ParOldGen       total 61440K, used 8372K [0x00000000a0000000, 0x00000000a3c00000, 0x00000000e0000000)
  object space 61440K, 13% used [0x00000000a0000000,0x00000000a082d0c0,0x00000000a3c00000)
 Metaspace       used 27462K, capacity 27928K, committed 28160K, reserved 1073152K
  class space    used 3895K, capacity 4069K, committed 4096K, reserved 1048576K
Event: 6.408 GC heap after
Heap after GC invocations=8 (full 1):
 PSYoungGen      total 69632K, used 6111K [0x00000000e0000000, 0x00000000e5b00000, 0x0000000100000000)
  eden space 59392K, 0% used [0x00000000e0000000,0x00000000e0000000,0x00000000e3a00000)
  from space 10240K, 59% used [0x00000000e3a00000,0x00000000e3ff7f20,0x00000000e4400000)
  to   space 9728K, 0% used [0x00000000e5180000,0x00000000e5180000,0x00000000e5b00000)
 ParOldGen       total 61440K, used 8380K [0x00000000a0000000, 0x00000000a3c00000, 0x00000000e0000000)
  object space 61440K, 13% used [0x00000000a0000000,0x00000000a082f0c0,0x00000000a3c00000)
 Metaspace       used 27462K, capacity 27928K, committed 28160K, reserved 1073152K
  class space    used 3895K, capacity 4069K, committed 4096K, reserved 1048576K
}
Event: 7.647 GC heap before
{Heap before GC invocations=9 (full 1):
 PSYoungGen      total 69632K, used 65503K [0x00000000e0000000, 0x00000000e5b00000, 0x0000000100000000)
  eden space 59392K, 100% used [0x00000000e0000000,0x00000000e3a00000,0x00000000e3a00000)
  from space 10240K, 59% used [0x00000000e3a00000,0x00000000e3ff7f20,0x00000000e4400000)
  to   space 9728K, 0% used [0x00000000e5180000,0x00000000e5180000,0x00000000e5b00000)
 ParOldGen       total 61440K, used 8380K [0x00000000a0000000, 0x00000000a3c00000, 0x00000000e0000000)
  object space 61440K, 13% used [0x00000000a0000000,0x00000000a082f0c0,0x00000000a3c00000)
 Metaspace       used 30718K, capacity 31230K, committed 31488K, reserved 1077248K
  class space    used 4394K, capacity 4574K, committed 4608K, reserved 1048576K
Event: 7.666 GC heap after
Heap after GC invocations=9 (full 1):
 PSYoungGen      total 82432K, used 8922K [0x00000000e0000000, 0x00000000e6b00000, 0x0000000100000000)
  eden space 72704K, 0% used [0x00000000e0000000,0x00000000e0000000,0x00000000e4700000)
  from space 9728K, 91% used [0x00000000e5180000,0x00000000e5a36830,0x00000000e5b00000)
  to   space 10752K, 0% used [0x00000000e4700000,0x00000000e4700000,0x00000000e5180000)
 ParOldGen       total 61440K, used 8388K [0x00000000a0000000, 0x00000000a3c00000, 0x00000000e0000000)
  object space 61440K, 13% used [0x00000000a0000000,0x00000000a08310c0,0x00000000a3c00000)
 Metaspace       used 30718K, capacity 31230K, committed 31488K, reserved 1077248K
  class space    used 4394K, capacity 4574K, committed 4608K, reserved 1048576K
}
Event: 8.190 GC heap before
{Heap before GC invocations=10 (full 1):
 PSYoungGen      total 82432K, used 28276K [0x00000000e0000000, 0x00000000e6b00000, 0x0000000100000000)
  eden space 72704K, 26% used [0x00000000e0000000,0x00000000e12e67e0,0x00000000e4700000)
  from space 9728K, 91% used [0x00000000e5180000,0x00000000e5a36830,0x00000000e5b00000)
  to   space 10752K, 0% used [0x00000000e4700000,0x00000000e4700000,0x00000000e5180000)
 ParOldGen       total 61440K, used 8388K [0x00000000a0000000, 0x00000000a3c00000, 0x00000000e0000000)
  object space 61440K, 13% used [0x00000000a0000000,0x00000000a08310c0,0x00000000a3c00000)
 Metaspace       used 34833K, capacity 35368K, committed 35496K, reserved 1079296K
  class space    used 4919K, capacity 5104K, committed 5120K, reserved 1048576K
Event: 8.204 GC heap after
Heap after GC invocations=10 (full 1):
 PSYoungGen      total 83456K, used 8743K [0x00000000e0000000, 0x00000000e7380000, 0x0000000100000000)
  eden space 72704K, 0% used [0x00000000e0000000,0x00000000e0000000,0x00000000e4700000)
  from space 10752K, 81% used [0x00000000e4700000,0x00000000e4f89d28,0x00000000e5180000)
  to   space 11264K, 0% used [0x00000000e6880000,0x00000000e6880000,0x00000000e7380000)
 ParOldGen       total 61440K, used 8396K [0x00000000a0000000, 0x00000000a3c00000, 0x00000000e0000000)
  object space 61440K, 13% used [0x00000000a0000000,0x00000000a08330c0,0x00000000a3c00000)
 Metaspace       used 34833K, capacity 35368K, committed 35496K, reserved 1079296K
  class space    used 4919K, capacity 5104K, committed 5120K, reserved 1048576K
}
Event: 8.204 GC heap before
{Heap before GC invocations=11 (full 2):
 PSYoungGen      total 83456K, used 8743K [0x00000000e0000000, 0x00000000e7380000, 0x0000000100000000)
  eden space 72704K, 0% used [0x00000000e0000000,0x00000000e0000000,0x00000000e4700000)
  from space 10752K, 81% used [0x00000000e4700000,0x00000000e4f89d28,0x00000000e5180000)
  to   space 11264K, 0% used [0x00000000e6880000,0x00000000e6880000,0x00000000e7380000)
 ParOldGen       total 61440K, used 8396K [0x00000000a0000000, 0x00000000a3c00000, 0x00000000e0000000)
  object space 61440K, 13% used [0x00000000a0000000,0x00000000a08330c0,0x00000000a3c00000)
 Metaspace       used 34833K, capacity 35368K, committed 35496K, reserved 1079296K
  class space    used 4919K, capacity 5104K, committed 5120K, reserved 1048576K
Event: 8.335 GC heap after
Heap after GC invocations=11 (full 2):
 PSYoungGen      total 83456K, used 0K [0x00000000e0000000, 0x00000000e7380000, 0x0000000100000000)
  eden space 72704K, 0% used [0x00000000e0000000,0x00000000e0000000,0x00000000e4700000)
  from space 10752K, 0% used [0x00000000e4700000,0x00000000e4700000,0x00000000e5180000)
  to   space 11264K, 0% used [0x00000000e6880000,0x00000000e6880000,0x00000000e7380000)
 ParOldGen       total 97792K, used 15592K [0x00000000a0000000, 0x00000000a5f80000, 0x00000000e0000000)
  object space 97792K, 15% used [0x00000000a0000000,0x00000000a0f3a368,0x00000000a5f80000)
 Metaspace       used 34833K, capacity 35368K, committed 35496K, reserved 1079296K
  class space    used 4919K, capacity 5104K, committed 5120K, reserved 1048576K
}
Event: 9.442 GC heap before
{Heap before GC invocations=12 (full 2):
 PSYoungGen      total 83456K, used 72704K [0x00000000e0000000, 0x00000000e7380000, 0x0000000100000000)
  eden space 72704K, 100% used [0x00000000e0000000,0x00000000e4700000,0x00000000e4700000)
  from space 10752K, 0% used [0x00000000e4700000,0x00000000e4700000,0x00000000e5180000)
  to   space 11264K, 0% used [0x00000000e6880000,0x00000000e6880000,0x00000000e7380000)
 ParOldGen       total 97792K, used 15592K [0x00000000a0000000, 0x00000000a5f80000, 0x00000000e0000000)
  object space 97792K, 15% used [0x00000000a0000000,0x00000000a0f3a368,0x00000000a5f80000)
 Metaspace       used 38765K, capacity 39340K, committed 39680K, reserved 1083392K
  class space    used 5402K, capacity 5570K, committed 5632K, reserved 1048576K
Event: 9.459 GC heap after
Heap after GC invocations=12 (full 2):
 PSYoungGen      total 97792K, used 7170K [0x00000000e0000000, 0x00000000e7000000, 0x0000000100000000)
  eden space 90112K, 0% used [0x00000000e0000000,0x00000000e0000000,0x00000000e5800000)
  from space 7680K, 93% used [0x00000000e6880000,0x00000000e6f80b58,0x00000000e7000000)
  to   space 10752K, 0% used [0x00000000e5b00000,0x00000000e5b00000,0x00000000e6580000)
 ParOldGen       total 97792K, used 15600K [0x00000000a0000000, 0x00000000a5f80000, 0x00000000e0000000)
  object space 97792K, 15% used [0x00000000a0000000,0x00000000a0f3c368,0x00000000a5f80000)
 Metaspace       used 38765K, capacity 39340K, committed 39680K, reserved 1083392K
  class space    used 5402K, capacity 5570K, committed 5632K, reserved 1048576K
}

