# JRE version: Java(TM) SE Runtime Environment (8.0_121-b13) (build 1.8.0_121-b13)
# Java VM: Java HotSpot(TM) 64-Bit Server VM (25.121-b13 mixed mode windows-amd64 compressed oops)
Heap:
 PSYoungGen      total 140800K, used 77021K [0x00000000e0000000, 0x00000000eb880000, 0x0000000100000000)
  eden space 115200K, 44% used [0x00000000e0000000,0x00000000e323b5d8,0x00000000e7080000)
  from space 25600K, 99% used [0x00000000e9f80000,0x00000000eb87be38,0x00000000eb880000)
  to   space 26112K, 0% used [0x00000000e7080000,0x00000000e7080000,0x00000000e8a00000)
 ParOldGen       total 100352K, used 49655K [0x00000000a0000000, 0x00000000a6200000, 0x00000000e0000000)
  object space 100352K, 49% used [0x00000000a0000000,0x00000000a307dc50,0x00000000a6200000)
 Metaspace       used 67922K, capacity 69580K, committed 69760K, reserved 1110016K
  class space    used 9092K, capacity 9529K, committed 9600K, reserved 1048576K
GC Heap History (10 events):
Event: 20.556 GC heap before
{Heap before GC invocations=15 (full 2):
 PSYoungGen      total 114176K, used 114174K [0x00000000e0000000, 0x00000000e8680000, 0x0000000100000000)
  eden space 100352K, 100% used [0x00000000e0000000,0x00000000e6200000,0x00000000e6200000)
  from space 13824K, 99% used [0x00000000e7200000,0x00000000e7f7f990,0x00000000e7f80000)
  to   space 16384K, 0% used [0x00000000e6200000,0x00000000e6200000,0x00000000e7200000)
 ParOldGen       total 100352K, used 24038K [0x00000000a0000000, 0x00000000a6200000, 0x00000000e0000000)
  object space 100352K, 23% used [0x00000000a0000000,0x00000000a1779a50,0x00000000a6200000)
 Metaspace       used 56564K, capacity 58148K, committed 58496K, reserved 1099776K
  class space    used 7821K, capacity 8211K, committed 8320K, reserved 1048576K
Event: 20.591 GC heap after
Heap after GC invocations=15 (full 2):
 PSYoungGen      total 116736K, used 16374K [0x00000000e0000000, 0x00000000e9e80000, 0x0000000100000000)
  eden space 100352K, 0% used [0x00000000e0000000,0x00000000e0000000,0x00000000e6200000)
  from space 16384K, 99% used [0x00000000e6200000,0x00000000e71fd9d0,0x00000000e7200000)
  to   space 20992K, 0% used [0x00000000e8a00000,0x00000000e8a00000,0x00000000e9e80000)
 ParOldGen       total 100352K, used 30248K [0x00000000a0000000, 0x00000000a6200000, 0x00000000e0000000)
  object space 100352K, 30% used [0x00000000a0000000,0x00000000a1d8a0b8,0x00000000a6200000)
 Metaspace       used 56564K, capacity 58148K, committed 58496K, reserved 1099776K
  class space    used 7821K, capacity 8211K, committed 8320K, reserved 1048576K
}
Event: 21.760 GC heap before
{Heap before GC invocations=16 (full 2):
 PSYoungGen      total 116736K, used 66674K [0x00000000e0000000, 0x00000000e9e80000, 0x0000000100000000)
  eden space 100352K, 50% used [0x00000000e0000000,0x00000000e311ee60,0x00000000e6200000)
  from space 16384K, 99% used [0x00000000e6200000,0x00000000e71fd9d0,0x00000000e7200000)
  to   space 20992K, 0% used [0x00000000e8a00000,0x00000000e8a00000,0x00000000e9e80000)
 ParOldGen       total 100352K, used 30248K [0x00000000a0000000, 0x00000000a6200000, 0x00000000e0000000)
  object space 100352K, 30% used [0x00000000a0000000,0x00000000a1d8a0b8,0x00000000a6200000)
 Metaspace       used 57531K, capacity 59044K, committed 59160K, reserved 1099776K
  class space    used 7895K, capacity 8275K, committed 8320K, reserved 1048576K
Event: 21.797 GC heap after
Heap after GC invocations=16 (full 2):
 PSYoungGen      total 136192K, used 20973K [0x00000000e0000000, 0x00000000eac00000, 0x0000000100000000)
  eden space 115200K, 0% used [0x00000000e0000000,0x00000000e0000000,0x00000000e7080000)
  from space 20992K, 99% used [0x00000000e8a00000,0x00000000e9e7b748,0x00000000e9e80000)
  to   space 26112K, 0% used [0x00000000e7080000,0x00000000e7080000,0x00000000e8a00000)
 ParOldGen       total 100352K, used 35819K [0x00000000a0000000, 0x00000000a6200000, 0x00000000e0000000)
  object space 100352K, 35% used [0x00000000a0000000,0x00000000a22facc0,0x00000000a6200000)
 Metaspace       used 57531K, capacity 59044K, committed 59160K, reserved 1099776K
  class space    used 7895K, capacity 8275K, committed 8320K, reserved 1048576K
}
Event: 21.797 GC heap before
{Heap before GC invocations=17 (full 3):
 PSYoungGen      total 136192K, used 20973K [0x00000000e0000000, 0x00000000eac00000, 0x0000000100000000)
  eden space 115200K, 0% used [0x00000000e0000000,0x00000000e0000000,0x00000000e7080000)
  from space 20992K, 99% used [0x00000000e8a00000,0x00000000e9e7b748,0x00000000e9e80000)
  to   space 26112K, 0% used [0x00000000e7080000,0x00000000e7080000,0x00000000e8a00000)
 ParOldGen       total 100352K, used 35819K [0x00000000a0000000, 0x00000000a6200000, 0x00000000e0000000)
  object space 100352K, 35% used [0x00000000a0000000,0x00000000a22facc0,0x00000000a6200000)
 Metaspace       used 57531K, capacity 59044K, committed 59160K, reserved 1099776K
  class space    used 7895K, capacity 8275K, committed 8320K, reserved 1048576K
Event: 22.206 GC heap after
Heap after GC invocations=17 (full 3):
 PSYoungGen      total 136192K, used 0K [0x00000000e0000000, 0x00000000eac00000, 0x0000000100000000)
  eden space 115200K, 0% used [0x00000000e0000000,0x00000000e0000000,0x00000000e7080000)
  from space 20992K, 0% used [0x00000000e8a00000,0x00000000e8a00000,0x00000000e9e80000)
  to   space 26112K, 0% used [0x00000000e7080000,0x00000000e7080000,0x00000000e8a00000)
 ParOldGen       total 100352K, used 43030K [0x00000000a0000000, 0x00000000a6200000, 0x00000000e0000000)
  object space 100352K, 42% used [0x00000000a0000000,0x00000000a2a05800,0x00000000a6200000)
 Metaspace       used 57531K, capacity 59044K, committed 59160K, reserved 1099776K
  class space    used 7895K, capacity 8275K, committed 8320K, reserved 1048576K
}
Event: 35.185 GC heap before
{Heap before GC invocations=18 (full 3):
 PSYoungGen      total 136192K, used 115200K [0x00000000e0000000, 0x00000000eac00000, 0x0000000100000000)
  eden space 115200K, 100% used [0x00000000e0000000,0x00000000e7080000,0x00000000e7080000)
  from space 20992K, 0% used [0x00000000e8a00000,0x00000000e8a00000,0x00000000e9e80000)
  to   space 26112K, 0% used [0x00000000e7080000,0x00000000e7080000,0x00000000e8a00000)
 ParOldGen       total 100352K, used 43030K [0x00000000a0000000, 0x00000000a6200000, 0x00000000e0000000)
  object space 100352K, 42% used [0x00000000a0000000,0x00000000a2a05800,0x00000000a6200000)
 Metaspace       used 60923K, capacity 62488K, committed 62720K, reserved 1103872K
  class space    used 8273K, capacity 8649K, committed 8704K, reserved 1048576K
Event: 35.196 GC heap after
Heap after GC invocations=18 (full 3):
 PSYoungGen      total 141312K, used 7112K [0x00000000e0000000, 0x00000000eb880000, 0x0000000100000000)
  eden space 115200K, 0% used [0x00000000e0000000,0x00000000e0000000,0x00000000e7080000)
  from space 26112K, 27% used [0x00000000e7080000,0x00000000e7772310,0x00000000e8a00000)
  to   space 25600K, 0% used [0x00000000e9f80000,0x00000000e9f80000,0x00000000eb880000)
 ParOldGen       total 100352K, used 43038K [0x00000000a0000000, 0x00000000a6200000, 0x00000000e0000000)
  object space 100352K, 42% used [0x00000000a0000000,0x00000000a2a07800,0x00000000a6200000)
 Metaspace       used 60923K, capacity 62488K, committed 62720K, reserved 1103872K
  class space    used 8273K, capacity 8649K, committed 8704K, reserved 1048576K
}
Event: 39.913 GC heap before
{Heap before GC invocations=19 (full 3):
 PSYoungGen      total 141312K, used 122312K [0x00000000e0000000, 0x00000000eb880000, 0x0000000100000000)
  eden space 115200K, 100% used [0x00000000e0000000,0x00000000e7080000,0x00000000e7080000)
  from space 26112K, 27% used [0x00000000e7080000,0x00000000e7772310,0x00000000e8a00000)
  to   space 25600K, 0% used [0x00000000e9f80000,0x00000000e9f80000,0x00000000eb880000)
 ParOldGen       total 100352K, used 43038K [0x00000000a0000000, 0x00000000a6200000, 0x00000000e0000000)
  object space 100352K, 42% used [0x00000000a0000000,0x00000000a2a07800,0x00000000a6200000)
 Metaspace       used 66522K, capacity 68176K, committed 68480K, reserved 1107968K
  class space    used 8903K, capacity 9329K, committed 9344K, reserved 1048576K
Event: 39.965 GC heap after
Heap after GC invocations=19 (full 3):
 PSYoungGen      total 140800K, used 25583K [0x00000000e0000000, 0x00000000eb880000, 0x0000000100000000)
  eden space 115200K, 0% used [0x00000000e0000000,0x00000000e0000000,0x00000000e7080000)
  from space 25600K, 99% used [0x00000000e9f80000,0x00000000eb87be38,0x00000000eb880000)
  to   space 26112K, 0% used [0x00000000e7080000,0x00000000e7080000,0x00000000e8a00000)
 ParOldGen       total 100352K, used 49655K [0x00000000a0000000, 0x00000000a6200000, 0x00000000e0000000)
  object space 100352K, 49% used [0x00000000a0000000,0x00000000a307dc50,0x00000000a6200000)
 Metaspace       used 66522K, capacity 68176K, committed 68480K, reserved 1107968K
  class space    used 8903K, capacity 9329K, committed 9344K, reserved 1048576K
}

