# JRE version: Java(TM) SE Runtime Environment (8.0_121-b13) (build 1.8.0_121-b13)
# Java VM: Java HotSpot(TM) 64-Bit Server VM (25.121-b13 mixed mode windows-amd64 compressed oops)
Heap:
 PSYoungGen      total 308736K, used 203456K [0x00000000e0000000, 0x00000000f6800000, 0x0000000100000000)
  eden space 260096K, 73% used [0x00000000e0000000,0x00000000ebbe43d0,0x00000000efe00000)
  from space 48640K, 22% used [0x00000000f3880000,0x00000000f434be58,0x00000000f6800000)
  to   space 54272K, 0% used [0x00000000efe00000,0x00000000efe00000,0x00000000f3300000)
 ParOldGen       total 163840K, used 112138K [0x00000000a0000000, 0x00000000aa000000, 0x00000000e0000000)
  object space 163840K, 68% used [0x00000000a0000000,0x00000000a6d829f0,0x00000000aa000000)
 Metaspace       used 86545K, capacity 90674K, committed 90880K, reserved 1128448K
  class space    used 11357K, capacity 12218K, committed 12288K, reserved 1048576K
GC Heap History (10 events):
Event: 466.310 GC heap before
{Heap before GC invocations=25 (full 3):
 PSYoungGen      total 189440K, used 189413K [0x00000000e0000000, 0x00000000f0a00000, 0x0000000100000000)
  eden space 160256K, 99% used [0x00000000e0000000,0x00000000e9c7f0f8,0x00000000e9c80000)
  from space 29184K, 99% used [0x00000000e9c80000,0x00000000eb8fa380,0x00000000eb900000)
  to   space 46592K, 0% used [0x00000000edc80000,0x00000000edc80000,0x00000000f0a00000)
 ParOldGen       total 163840K, used 81869K [0x00000000a0000000, 0x00000000aa000000, 0x00000000e0000000)
  object space 163840K, 49% used [0x00000000a0000000,0x00000000a4ff3668,0x00000000aa000000)
 Metaspace       used 84484K, capacity 88122K, committed 88320K, reserved 1126400K
  class space    used 11137K, capacity 11936K, committed 12032K, reserved 1048576K
Event: 466.378 GC heap after
Heap after GC invocations=25 (full 3):
 PSYoungGen      total 218624K, used 45538K [0x00000000e0000000, 0x00000000f1c00000, 0x0000000100000000)
  eden space 172032K, 0% used [0x00000000e0000000,0x00000000e0000000,0x00000000ea800000)
  from space 46592K, 97% used [0x00000000edc80000,0x00000000f08f8b90,0x00000000f0a00000)
  to   space 53760K, 0% used [0x00000000ea800000,0x00000000ea800000,0x00000000edc80000)
 ParOldGen       total 163840K, used 85545K [0x00000000a0000000, 0x00000000aa000000, 0x00000000e0000000)
  object space 163840K, 52% used [0x00000000a0000000,0x00000000a538a698,0x00000000aa000000)
 Metaspace       used 84484K, capacity 88122K, committed 88320K, reserved 1126400K
  class space    used 11137K, capacity 11936K, committed 12032K, reserved 1048576K
}
Event: 466.469 GC heap before
{Heap before GC invocations=26 (full 3):
 PSYoungGen      total 218624K, used 217059K [0x00000000e0000000, 0x00000000f1c00000, 0x0000000100000000)
  eden space 172032K, 99% used [0x00000000e0000000,0x00000000ea780230,0x00000000ea800000)
  from space 46592K, 97% used [0x00000000edc80000,0x00000000f08f8b90,0x00000000f0a00000)
  to   space 53760K, 0% used [0x00000000ea800000,0x00000000ea800000,0x00000000edc80000)
 ParOldGen       total 163840K, used 85545K [0x00000000a0000000, 0x00000000aa000000, 0x00000000e0000000)
  object space 163840K, 52% used [0x00000000a0000000,0x00000000a538a698,0x00000000aa000000)
 Metaspace       used 84539K, capacity 88154K, committed 88320K, reserved 1126400K
  class space    used 11144K, capacity 11944K, committed 12032K, reserved 1048576K
Event: 466.514 GC heap after
Heap after GC invocations=26 (full 3):
 PSYoungGen      total 225792K, used 37875K [0x00000000e0000000, 0x00000000f4b00000, 0x0000000100000000)
  eden space 172032K, 0% used [0x00000000e0000000,0x00000000e0000000,0x00000000ea800000)
  from space 53760K, 70% used [0x00000000ea800000,0x00000000eccfcc88,0x00000000edc80000)
  to   space 56832K, 0% used [0x00000000f1380000,0x00000000f1380000,0x00000000f4b00000)
 ParOldGen       total 163840K, used 85553K [0x00000000a0000000, 0x00000000aa000000, 0x00000000e0000000)
  object space 163840K, 52% used [0x00000000a0000000,0x00000000a538c698,0x00000000aa000000)
 Metaspace       used 84539K, capacity 88154K, committed 88320K, reserved 1126400K
  class space    used 11144K, capacity 11944K, committed 12032K, reserved 1048576K
}
Event: 628.365 GC heap before
{Heap before GC invocations=27 (full 3):
 PSYoungGen      total 225792K, used 209907K [0x00000000e0000000, 0x00000000f4b00000, 0x0000000100000000)
  eden space 172032K, 100% used [0x00000000e0000000,0x00000000ea800000,0x00000000ea800000)
  from space 53760K, 70% used [0x00000000ea800000,0x00000000eccfcc88,0x00000000edc80000)
  to   space 56832K, 0% used [0x00000000f1380000,0x00000000f1380000,0x00000000f4b00000)
 ParOldGen       total 163840K, used 85553K [0x00000000a0000000, 0x00000000aa000000, 0x00000000e0000000)
  object space 163840K, 52% used [0x00000000a0000000,0x00000000a538c698,0x00000000aa000000)
 Metaspace       used 85416K, capacity 89182K, committed 89472K, reserved 1126400K
  class space    used 11278K, capacity 12102K, committed 12160K, reserved 1048576K
Event: 628.448 GC heap after
Heap after GC invocations=27 (full 3):
 PSYoungGen      total 274944K, used 34717K [0x00000000e0000000, 0x00000000f4800000, 0x0000000100000000)
  eden space 221184K, 0% used [0x00000000e0000000,0x00000000e0000000,0x00000000ed800000)
  from space 53760K, 64% used [0x00000000f1380000,0x00000000f35675c0,0x00000000f4800000)
  to   space 57344K, 0% used [0x00000000ed800000,0x00000000ed800000,0x00000000f1000000)
 ParOldGen       total 163840K, used 88971K [0x00000000a0000000, 0x00000000aa000000, 0x00000000e0000000)
  object space 163840K, 54% used [0x00000000a0000000,0x00000000a56e2f00,0x00000000aa000000)
 Metaspace       used 85416K, capacity 89182K, committed 89472K, reserved 1126400K
  class space    used 11278K, capacity 12102K, committed 12160K, reserved 1048576K
}
Event: 705.774 GC heap before
{Heap before GC invocations=28 (full 3):
 PSYoungGen      total 274944K, used 255901K [0x00000000e0000000, 0x00000000f4800000, 0x0000000100000000)
  eden space 221184K, 100% used [0x00000000e0000000,0x00000000ed800000,0x00000000ed800000)
  from space 53760K, 64% used [0x00000000f1380000,0x00000000f35675c0,0x00000000f4800000)
  to   space 57344K, 0% used [0x00000000ed800000,0x00000000ed800000,0x00000000f1000000)
 ParOldGen       total 163840K, used 88971K [0x00000000a0000000, 0x00000000aa000000, 0x00000000e0000000)
  object space 163840K, 54% used [0x00000000a0000000,0x00000000a56e2f00,0x00000000aa000000)
 Metaspace       used 85799K, capacity 89632K, committed 89728K, reserved 1126400K
  class space    used 11296K, capacity 12133K, committed 12160K, reserved 1048576K
Event: 705.858 GC heap after
Heap after GC invocations=28 (full 3):
 PSYoungGen      total 278528K, used 27085K [0x00000000e0000000, 0x00000000f6e80000, 0x0000000100000000)
  eden space 221184K, 0% used [0x00000000e0000000,0x00000000e0000000,0x00000000ed800000)
  from space 57344K, 47% used [0x00000000ed800000,0x00000000ef2734a0,0x00000000f1000000)
  to   space 55296K, 0% used [0x00000000f3880000,0x00000000f3880000,0x00000000f6e80000)
 ParOldGen       total 163840K, used 96145K [0x00000000a0000000, 0x00000000aa000000, 0x00000000e0000000)
  object space 163840K, 58% used [0x00000000a0000000,0x00000000a5de47c8,0x00000000aa000000)
 Metaspace       used 85799K, capacity 89632K, committed 89728K, reserved 1126400K
  class space    used 11296K, capacity 12133K, committed 12160K, reserved 1048576K
}
Event: 801.862 GC heap before
{Heap before GC invocations=29 (full 3):
 PSYoungGen      total 278528K, used 248269K [0x00000000e0000000, 0x00000000f6e80000, 0x0000000100000000)
  eden space 221184K, 100% used [0x00000000e0000000,0x00000000ed800000,0x00000000ed800000)
  from space 57344K, 47% used [0x00000000ed800000,0x00000000ef2734a0,0x00000000f1000000)
  to   space 55296K, 0% used [0x00000000f3880000,0x00000000f3880000,0x00000000f6e80000)
 ParOldGen       total 163840K, used 96145K [0x00000000a0000000, 0x00000000aa000000, 0x00000000e0000000)
  object space 163840K, 58% used [0x00000000a0000000,0x00000000a5de47c8,0x00000000aa000000)
 Metaspace       used 86058K, capacity 89992K, committed 90240K, reserved 1128448K
  class space    used 11305K, capacity 12149K, committed 12160K, reserved 1048576K
Event: 801.922 GC heap after
Heap after GC invocations=29 (full 3):
 PSYoungGen      total 308736K, used 11055K [0x00000000e0000000, 0x00000000f6800000, 0x0000000100000000)
  eden space 260096K, 0% used [0x00000000e0000000,0x00000000e0000000,0x00000000efe00000)
  from space 48640K, 22% used [0x00000000f3880000,0x00000000f434be58,0x00000000f6800000)
  to   space 54272K, 0% used [0x00000000efe00000,0x00000000efe00000,0x00000000f3300000)
 ParOldGen       total 163840K, used 112138K [0x00000000a0000000, 0x00000000aa000000, 0x00000000e0000000)
  object space 163840K, 68% used [0x00000000a0000000,0x00000000a6d829f0,0x00000000aa000000)
 Metaspace       used 86058K, capacity 89992K, committed 90240K, reserved 1128448K
  class space    used 11305K, capacity 12149K, committed 12160K, reserved 1048576K
}

